2022-08-11 22:29:11 INFO  ProyectoU3JjApplication:36 - INICIO DE LAS TODAS PRUEBAS
2022-08-11 22:29:26 INFO  ProyectoU3JjApplication:47 - Iniciando prueba unitaria
2022-08-11 22:29:26 INFO  ProyectoU3JjApplication:52 - Termina la prueba unitaria
2022-08-11 22:29:26 INFO  ProyectoU3JjApplication:41 - FIN DE TODAS LAS PRUEBAS
2022-08-12 16:43:03 INFO  ProyectoU3JjApplication:38 - INICIO DE LAS TODAS PRUEBAS
2022-08-12 16:43:12 INFO  ProyectoU3JjApplication:48 - Iniciando prueba unitaria
2022-08-12 16:43:12 INFO  ProyectoU3JjApplication:60 - Termina la prueba unitaria
2022-08-12 16:43:12 INFO  ProyectoU3JjApplication:43 - FIN DE TODAS LAS PRUEBAS
2022-08-12 16:54:05 INFO  ProyectoU3JjApplication:40 - INICIO DE LAS TODAS PRUEBAS
2022-08-12 16:54:13 INFO  ProyectoU3JjApplication:50 - Iniciando prueba unitaria
2022-08-12 16:54:13 INFO  ProyectoU3JjApplication:62 - Termina la prueba unitaria
2022-08-12 16:54:13 INFO  ProyectoU3JjApplication:45 - FIN DE TODAS LAS PRUEBAS
2022-08-12 16:55:45 INFO  ProyectoU3JjApplication:40 - INICIO DE LAS TODAS PRUEBAS
2022-08-12 16:55:51 INFO  ProyectoU3JjApplication:50 - Iniciando prueba unitaria
2022-08-12 16:55:51 INFO  ProyectoU3JjApplication:62 - Termina la prueba unitaria
2022-08-12 16:55:52 INFO  ProyectoU3JjApplication:45 - FIN DE TODAS LAS PRUEBAS
2022-08-12 16:58:39 INFO  ProyectoU3JjApplication:40 - INICIO DE LAS TODAS PRUEBAS
2022-08-12 16:58:46 INFO  ProyectoU3JjApplication:50 - Iniciando prueba unitaria
2022-08-12 16:58:46 INFO  ProyectoU3JjApplication:62 - Termina la prueba unitaria
2022-08-12 16:58:46 INFO  ProyectoU3JjApplication:45 - FIN DE TODAS LAS PRUEBAS
2022-08-12 17:09:49 INFO  ProyectoU3JjApplication:41 - INICIO DE LAS TODAS PRUEBAS
2022-08-12 17:09:55 INFO  ProyectoU3JjApplication:51 - Iniciando prueba unitaria
2022-08-12 17:09:55 INFO  ProyectoU3JjApplication:74 - Termina la prueba unitaria
2022-08-12 17:09:55 INFO  ProyectoU3JjApplication:46 - FIN DE TODAS LAS PRUEBAS
2022-08-12 17:10:46 INFO  ProyectoU3JjApplication:41 - INICIO DE LAS TODAS PRUEBAS
2022-08-12 17:10:52 INFO  ProyectoU3JjApplication:51 - Iniciando prueba unitaria
2022-08-12 17:10:52 INFO  ProyectoU3JjApplication:74 - Termina la prueba unitaria
2022-08-12 17:10:53 INFO  ProyectoU3JjApplication:46 - FIN DE TODAS LAS PRUEBAS
2022-08-12 17:11:14 INFO  ProyectoU3JjApplication:41 - INICIO DE LAS TODAS PRUEBAS
2022-08-12 17:11:21 INFO  ProyectoU3JjApplication:51 - Iniciando prueba unitaria
2022-08-12 17:11:21 INFO  ProyectoU3JjApplication:74 - Termina la prueba unitaria
2022-08-12 17:11:21 INFO  ProyectoU3JjApplication:46 - FIN DE TODAS LAS PRUEBAS
2022-08-12 17:11:56 INFO  ProyectoU3JjApplication:41 - INICIO DE LAS TODAS PRUEBAS
2022-08-12 17:12:03 INFO  ProyectoU3JjApplication:51 - Iniciando prueba unitaria
2022-08-12 17:12:04 INFO  ProyectoU3JjApplication:74 - Termina la prueba unitaria
2022-08-12 17:12:04 INFO  ProyectoU3JjApplication:46 - FIN DE TODAS LAS PRUEBAS
2022-08-12 17:17:35 INFO  ProyectoU3JjApplication:41 - INICIO DE LAS TODAS PRUEBAS
2022-08-12 17:17:42 INFO  ProyectoU3JjApplication:51 - Iniciando prueba unitaria
2022-08-12 17:17:42 INFO  ProyectoU3JjApplication:74 - Termina la prueba unitaria
2022-08-12 17:17:42 INFO  ProyectoU3JjApplication:46 - FIN DE TODAS LAS PRUEBAS
2022-08-12 17:18:08 INFO  ProyectoU3JjApplication:41 - INICIO DE LAS TODAS PRUEBAS
2022-08-12 17:18:15 INFO  ProyectoU3JjApplication:51 - Iniciando prueba unitaria
2022-08-12 17:18:15 INFO  ProyectoU3JjApplication:74 - Termina la prueba unitaria
2022-08-12 17:18:15 INFO  ProyectoU3JjApplication:46 - FIN DE TODAS LAS PRUEBAS
2022-08-12 17:24:25 INFO  ProyectoU3JjApplication:41 - INICIO DE LAS TODAS PRUEBAS
2022-08-12 17:24:32 INFO  ProyectoU3JjApplication:51 - Iniciando prueba unitaria
2022-08-12 17:24:32 INFO  ProyectoU3JjApplication:74 - Termina la prueba unitaria
2022-08-12 17:24:32 INFO  ProyectoU3JjApplication:46 - FIN DE TODAS LAS PRUEBAS
2022-08-12 17:25:17 INFO  ProyectoU3JjApplication:41 - INICIO DE LAS TODAS PRUEBAS
2022-08-12 17:25:24 INFO  ProyectoU3JjApplication:51 - Iniciando prueba unitaria
2022-08-12 17:25:24 INFO  ProyectoU3JjApplication:74 - Termina la prueba unitaria
2022-08-12 17:25:24 INFO  ProyectoU3JjApplication:46 - FIN DE TODAS LAS PRUEBAS
2022-08-12 17:25:46 INFO  ProyectoU3JjApplication:41 - INICIO DE LAS TODAS PRUEBAS
2022-08-12 17:25:57 INFO  ProyectoU3JjApplication:51 - Iniciando prueba unitaria
2022-08-12 17:25:57 INFO  ProyectoU3JjApplication:74 - Termina la prueba unitaria
2022-08-12 17:25:57 INFO  ProyectoU3JjApplication:46 - FIN DE TODAS LAS PRUEBAS
2022-08-12 17:27:53 INFO  ProyectoU3JjApplication:41 - INICIO DE LAS TODAS PRUEBAS
2022-08-12 17:28:00 INFO  ProyectoU3JjApplication:51 - Iniciando prueba unitaria
2022-08-12 17:28:00 INFO  ProyectoU3JjApplication:74 - Termina la prueba unitaria
2022-08-12 17:28:00 INFO  ProyectoU3JjApplication:46 - FIN DE TODAS LAS PRUEBAS
2022-08-12 17:31:36 INFO  ProyectoU3JjApplication:41 - INICIO DE LAS TODAS PRUEBAS
2022-08-12 17:31:43 INFO  ProyectoU3JjApplication:51 - Iniciando prueba unitaria
2022-08-12 17:31:43 INFO  ProyectoU3JjApplication:74 - Termina la prueba unitaria
2022-08-12 17:31:43 INFO  ProyectoU3JjApplication:46 - FIN DE TODAS LAS PRUEBAS
2022-08-12 17:33:14 INFO  ProyectoU3JjApplication:41 - INICIO DE LAS TODAS PRUEBAS
2022-08-12 17:33:22 INFO  ProyectoU3JjApplication:51 - Iniciando prueba unitaria
2022-08-12 17:33:22 INFO  ProyectoU3JjApplication:66 - Termina la prueba unitaria
2022-08-12 17:33:22 INFO  ProyectoU3JjApplication:46 - FIN DE TODAS LAS PRUEBAS
2022-08-12 17:37:54 INFO  ProyectoU3JjApplication:41 - INICIO DE LAS TODAS PRUEBAS
2022-08-12 17:38:01 INFO  ProyectoU3JjApplication:51 - Iniciando prueba unitaria
2022-08-12 17:38:01 INFO  ProyectoU3JjApplication:62 - Termina la prueba unitaria
2022-08-12 17:38:01 INFO  ProyectoU3JjApplication:46 - FIN DE TODAS LAS PRUEBAS
2022-08-13 16:19:35 INFO  TransferenciaServiceImplTest:32 - 1.00
2022-08-13 16:19:35 INFO  TransferenciaServiceImplTest:34 - 1.00
2022-08-13 16:24:12 INFO  HotelServiceTest:38 - INICIO DE LAS TODAS PRUEBAS
2022-08-13 16:24:20 INFO  HotelServiceTest:48 - Iniciando prueba unitaria
2022-08-13 16:24:20 INFO  HotelServiceTest:58 - Termina la prueba unitaria
2022-08-13 16:24:20 INFO  HotelServiceTest:43 - FIN DE TODAS LAS PRUEBAS
2022-08-13 16:32:32 INFO  Impl2Test:48 - Test guardar hotel 1
2022-08-13 16:32:32 INFO  Impl2Test:72 - Test buscarHotelLeftOuterJoinTest hotel 2
2022-08-13 16:32:32 INFO  Impl2Test:61 - Test buscar hotel 3
2022-08-13 16:32:33 INFO  Impl2Test:103 - Test buscarHotelLeftOuterJoin hotel 4
2022-08-13 16:32:33 INFO  Impl2Test:87 - Test actualizar hotel 5
2022-08-14 17:34:21 INFO  TransferenciaServiceImplTest:32 - 1.00
2022-08-14 17:34:21 INFO  TransferenciaServiceImplTest:34 - 1.00
2022-08-14 17:34:50 INFO  HotelServiceTest:37 - INICIO DE LAS TODAS PRUEBAS
2022-08-14 17:34:57 INFO  HotelServiceTest:47 - Iniciando prueba unitaria
2022-08-14 17:34:57 INFO  HotelServiceTest:57 - Termina la prueba unitaria
2022-08-14 17:34:57 INFO  HotelServiceTest:42 - FIN DE TODAS LAS PRUEBAS
2022-08-14 17:35:17 INFO  HotelServiceTest:37 - INICIO DE LAS TODAS PRUEBAS
2022-08-14 17:35:24 INFO  HotelServiceTest:47 - Iniciando prueba unitaria
2022-08-14 17:35:25 INFO  HotelServiceTest:57 - Termina la prueba unitaria
2022-08-14 17:35:25 INFO  HotelServiceTest:42 - FIN DE TODAS LAS PRUEBAS
2022-08-14 17:35:59 INFO  HotelServiceTest:37 - INICIO DE LAS TODAS PRUEBAS
2022-08-14 17:36:06 INFO  HotelServiceTest:47 - Iniciando prueba unitaria
2022-08-14 17:36:06 INFO  HotelServiceTest:57 - Termina la prueba unitaria
2022-08-14 17:36:06 INFO  HotelServiceTest:42 - FIN DE TODAS LAS PRUEBAS
2022-08-14 17:36:55 INFO  Impl2Test:48 - Test guardar hotel 1
2022-08-14 17:36:55 INFO  Impl2Test:71 - Test buscarHotelLeftOuterJoinTest hotel 2
2022-08-14 17:36:55 INFO  Impl2Test:61 - Test buscar hotel 3
2022-08-14 17:36:56 INFO  Impl2Test:100 - Test buscarHotelLeftOuterJoin hotel 4
2022-08-14 17:36:56 INFO  Impl2Test:85 - Test actualizar hotel 5
2022-08-14 17:37:43 INFO  Impl2Test:48 - Test guardar hotel 1
2022-08-14 17:37:43 INFO  Impl2Test:72 - Test buscarHotelLeftOuterJoinTest hotel 2
2022-08-14 17:37:43 INFO  Impl2Test:61 - Test buscar hotel 3
2022-08-14 17:37:44 INFO  Impl2Test:103 - Test buscarHotelLeftOuterJoin hotel 4
2022-08-14 17:37:44 INFO  Impl2Test:87 - Test actualizar hotel 5
2022-08-15 18:26:13 INFO  TransferenciaServiceImplTest:32 - 1.00
2022-08-15 18:26:13 INFO  TransferenciaServiceImplTest:34 - 1.00
2022-08-15 18:29:46 INFO  HotelServiceTest:39 - INICIO DE LAS TODAS PRUEBAS
2022-08-15 18:29:52 INFO  HotelServiceTest:49 - Iniciando prueba unitaria
2022-08-15 18:29:52 INFO  HotelServiceTest:59 - Termina la prueba unitaria
2022-08-15 18:29:52 INFO  HotelServiceTest:44 - FIN DE TODAS LAS PRUEBAS
2022-08-15 18:33:29 INFO  HotelServiceTest:39 - INICIO DE LAS TODAS PRUEBAS
2022-08-15 18:33:35 INFO  HotelServiceTest:49 - Iniciando prueba unitaria
2022-08-15 18:33:35 INFO  HotelServiceTest:59 - Termina la prueba unitaria
2022-08-15 18:33:35 INFO  HotelServiceTest:44 - FIN DE TODAS LAS PRUEBAS
2022-08-15 18:37:22 INFO  Impl2Test:48 - Test guardar hotel 1
2022-08-15 18:37:23 INFO  Impl2Test:72 - Test buscarHotelLeftOuterJoinTest hotel 2
2022-08-15 18:37:23 INFO  Impl2Test:61 - Test buscar hotel 3
2022-08-15 18:37:23 INFO  Impl2Test:103 - Test buscarHotelLeftOuterJoin hotel 4
2022-08-15 18:37:23 INFO  Impl2Test:87 - Test actualizar hotel 5
2022-08-15 18:40:56 INFO  HotelServiceTest:39 - INICIO DE LAS TODAS PRUEBAS
2022-08-15 18:41:02 INFO  HotelServiceTest:49 - Iniciando prueba unitaria
2022-08-15 18:41:02 INFO  HotelServiceTest:59 - Termina la prueba unitaria
2022-08-15 18:41:02 INFO  HotelServiceTest:44 - FIN DE TODAS LAS PRUEBAS
2022-08-15 18:50:13 INFO  HotelServiceTest:39 - INICIO DE LAS TODAS PRUEBAS
2022-08-15 18:50:19 INFO  HotelServiceTest:49 - Iniciando prueba unitaria
2022-08-15 18:50:19 INFO  HotelServiceTest:59 - Termina la prueba unitaria
2022-08-15 18:50:19 INFO  HotelServiceTest:44 - FIN DE TODAS LAS PRUEBAS
2022-08-15 18:53:10 INFO  HotelServiceTest:39 - INICIO DE LAS TODAS PRUEBAS
2022-08-15 18:53:16 INFO  HotelServiceTest:49 - Iniciando prueba unitaria
2022-08-15 18:53:17 INFO  HotelServiceTest:59 - Termina la prueba unitaria
2022-08-15 18:53:17 INFO  HotelServiceTest:44 - FIN DE TODAS LAS PRUEBAS
2022-08-15 18:53:39 INFO  HotelServiceTest:39 - INICIO DE LAS TODAS PRUEBAS
2022-08-15 18:53:46 INFO  HotelServiceTest:49 - Iniciando prueba unitaria
2022-08-15 18:53:46 INFO  HotelServiceTest:59 - Termina la prueba unitaria
2022-08-15 18:53:46 INFO  HotelServiceTest:44 - FIN DE TODAS LAS PRUEBAS
2022-08-15 18:56:23 INFO  HotelServiceTest:39 - INICIO DE LAS TODAS PRUEBAS
2022-08-15 18:56:28 INFO  HotelServiceTest:49 - Iniciando prueba unitaria
2022-08-15 18:56:28 INFO  HotelServiceTest:59 - Termina la prueba unitaria
2022-08-15 18:56:28 INFO  HotelServiceTest:44 - FIN DE TODAS LAS PRUEBAS
2022-08-15 18:56:51 INFO  HotelServiceTest:39 - INICIO DE LAS TODAS PRUEBAS
2022-08-15 18:56:57 INFO  HotelServiceTest:49 - Iniciando prueba unitaria
2022-08-15 18:56:57 INFO  HotelServiceTest:59 - Termina la prueba unitaria
2022-08-15 18:56:57 INFO  HotelServiceTest:44 - FIN DE TODAS LAS PRUEBAS
2022-08-15 19:00:27 INFO  HotelServiceTest:39 - INICIO DE LAS TODAS PRUEBAS
2022-08-15 19:00:32 INFO  HotelServiceTest:49 - Iniciando prueba unitaria
2022-08-15 19:00:32 INFO  HotelServiceTest:59 - Termina la prueba unitaria
2022-08-15 19:00:32 INFO  HotelServiceTest:44 - FIN DE TODAS LAS PRUEBAS
2022-08-15 19:04:10 INFO  HotelServiceTest:39 - INICIO DE LAS TODAS PRUEBAS
2022-08-15 19:04:15 INFO  HotelServiceTest:49 - Iniciando prueba unitaria
2022-08-15 19:04:16 INFO  HotelServiceTest:59 - Termina la prueba unitaria
2022-08-15 19:04:16 INFO  HotelServiceTest:44 - FIN DE TODAS LAS PRUEBAS
